2026-01-27 19:45:45,307 - INFO - Starting Markov-enhanced analysis for PLTR
2026-01-27 19:45:45,653 - INFO - Loaded 264 contracts, stock price: $165.70
2026-01-27 19:45:45,659 - INFO - Prepared features: 237 call options
2026-01-27 19:45:45,660 - INFO - Generating feature correlation heatmap...
2026-01-27 19:45:46,272 - INFO - Correlation heatmap saved: ..\output\analysis_20260127_194545\feature_correlation_20260127_194545.png
2026-01-27 19:45:46,273 - INFO - Training predictive models with cross-validation...
2026-01-27 19:45:46,280 - INFO - Classical model params: max_depth=4, n_estimators=300, early_stopping=50, target=raw premium
2026-01-27 19:45:46,307 - INFO - Full model params: max_depth=5, n_estimators=300, early_stopping=50
2026-01-27 19:45:46,407 - INFO - Residual model params: max_depth=7, reg_lambda=0.5, reg_alpha=0.1, min_child_weight=5, early_stopping=40, target=raw premium
2026-01-27 19:45:46,465 - INFO - Residual model R² (variance explained by V, N): 0.893
2026-01-27 19:45:46,756 - INFO - Baseline (dummy mean premium) - MAE: $1.34, R²: -0.003
2026-01-27 19:45:46,763 - INFO - Classical model - CV MAE: $0.16, CV R²: 0.977
2026-01-27 19:45:46,763 - INFO - Full model - CV MAE: $0.15, CV R²: 0.980
2026-01-27 19:45:46,764 - INFO - Combined (classical + residual) - Test MAE: $0.10, R²: 0.992
2026-01-27 19:45:46,765 - INFO - Decomposing premium into classical vs extra components...
2026-01-27 19:45:46,770 - INFO - Clipped 24 negative residual predictions to 0 in decomposition
2026-01-27 19:45:46,851 - INFO - Extra component: $0.07 (4.4% of premium)
2026-01-27 19:45:46,853 - INFO - Analyzing skew attribution with Ridge regression...
2026-01-27 19:45:47,008 - INFO - Skew model R²: 0.213
2026-01-27 19:45:47,021 - INFO - Generating visualizations...
2026-01-27 19:45:47,458 - INFO - SHAP full model (bar) saved: ..\output\analysis_20260127_194545\shap_full_model_bar_20260127_194547.png
2026-01-27 19:45:47,782 - INFO - SHAP full model (beeswarm) saved: ..\output\analysis_20260127_194545\shap_full_model_beeswarm_20260127_194547.png
2026-01-27 19:45:48,335 - INFO - SHAP dependence plots saved: ..\output\analysis_20260127_194545\shap_full_model_dependence_V_N_20260127_194547.png
2026-01-27 19:45:48,658 - INFO - SHAP residual model (bar) saved: ..\output\analysis_20260127_194545\shap_residual_model_bar_20260127_194548.png
2026-01-27 19:45:48,964 - INFO - SHAP residual model (beeswarm) saved: ..\output\analysis_20260127_194545\shap_residual_model_beeswarm_20260127_194548.png
2026-01-27 19:45:51,205 - INFO - Visualization saved: ..\output\analysis_20260127_194545\markov_blanket_analysis_20260127_194549.png
2026-01-27 19:45:51,208 - INFO - Saving models and scalers...
2026-01-27 19:45:51,258 - INFO - Models and scalers saved successfully
2026-01-27 19:45:51,295 - INFO - Narrative summary: Regime: PRE_TRANSFER, Markov risk flag: TRANSIENT_UNCERTAIN. The Markov mask system is operational, with contract-level agency encoded in mask states and expressivity scores. Transition dynamics show transient uncertainty, requiring continued monitoring.
2026-01-27 19:45:51,296 - INFO - Analysis complete
